<?xml version="1.0" encoding="UTF-8"?>
<!-- Generated by org.testng.reporters.JUnitReportReporter -->
<testsuite name="Test.LaunchTest" tests="1" time="10.350" ignored="0" failures="0" timestamp="08 Mar 2017 00:59:13 GMT" skipped="0" hostname="Luiss-MacBook-Pro.local" errors="0">
  <testcase name="launchTest1" time="10.350" classname="Test.LaunchTest"/>
</testsuite> <!-- Test.LaunchTest -->
